<!DOCTYPE html PUBLIC "-//W3C//DTD XHTML 1.1//EN" "https://www.w3.org/TR/xhtml11/DTD/xhtml11.dtd">
<html xmlns="https://www.w3.org/1999/xhtml">
<head>
<meta http-equiv="content-type" content="text/html; charset=UTF-8"/>
<title>TestNG Report</title>
<style type="text/css">table {margin-bottom:10px;border-collapse:collapse;empty-cells:show}th,td {border:1px solid #009;padding:.25em .5em}th {vertical-align:bottom}td {vertical-align:top}table a {font-weight:bold}.stripe td {background-color: #E6EBF9}.num {text-align:right}.passedodd td {background-color: #3F3}.passedeven td {background-color: #0A0}.skippedodd td {background-color: #DDD}.skippedeven td {background-color: #CCC}.failedodd td,.attn {background-color: #F33}.failedeven td,.stripe .attn {background-color: #D00}.stacktrace {white-space:pre;font-family:monospace}.totop {font-size:85%;text-align:center;border-bottom:2px solid #000}.invisible {display:none}</style>
</head>
<body>
<table>
<tr><th>Test</th><th># Passed</th><th># Skipped</th><th># Retried</th><th># Failed</th><th>Time (ms)</th><th>Included Groups</th><th>Excluded Groups</th></tr>
<tr><th colspan="8">Suite</th></tr>
<tr><td><a href="#t0">Login Test</a></td><td class="num">1</td><td class="num">0</td><td class="num">0</td><td class="num">0</td><td class="num">8,064</td><td></td><td></td></tr>
<tr class="stripe"><td><a href="#t1">CreateDeleteExpenseTest</a></td><td class="num">1</td><td class="num">0</td><td class="num">0</td><td class="num">0</td><td class="num">8,789</td><td></td><td></td></tr>
<tr><td><a href="#t2">CreateDeliveryBoyTest</a></td><td class="num">2</td><td class="num">0</td><td class="num">0</td><td class="num">0</td><td class="num">18,526</td><td></td><td></td></tr>
<tr class="stripe"><td><a href="#t3">CreateNewsTest</a></td><td class="num">1</td><td class="num">0</td><td class="num">0</td><td class="num">0</td><td class="num">7,071</td><td></td><td></td></tr>
<tr><td><a href="#t4">AdminTest</a></td><td class="num">0</td><td class="num">0</td><td class="num">0</td><td class="num attn">1</td><td class="num">3,999</td><td></td><td></td></tr>
<tr class="stripe"><td><a href="#t5">ExpenseRecordTest</a></td><td class="num">0</td><td class="num">0</td><td class="num">0</td><td class="num attn">1</td><td class="num">8,672</td><td></td><td></td></tr>
<tr><th>Total</th><th class="num">5</th><th class="num">0</th><th class="num">0</th><th class="num attn">2</th><th class="num">55,121</th><th colspan="2"></th></tr>
</table>
<table id='summary'><thead><tr><th>Class</th><th>Method</th><th>Start</th><th>Time (ms)</th></tr></thead><tbody><tr><th colspan="4">Suite</th></tr></tbody><tbody id="t0"><tr><th colspan="4">Login Test &#8212; passed</th></tr><tr class="passedeven"><td rowspan="1">com.obsqura.tests.LoginTest</td><td><a href="#m0">verifyUserIsAbleToLogin</a></td><td rowspan="1">1710915159455</td><td rowspan="1">1744</td></tr></tbody>
<tbody id="t1"><tr><th colspan="4">CreateDeleteExpenseTest &#8212; passed</th></tr><tr class="passedeven"><td rowspan="1">com.obsqura.tests.CreateDeleteExpenseTest</td><td><a href="#m1">verifyUserIsAbleTocreateDeleteExpense</a></td><td rowspan="1">1710915165133</td><td rowspan="1">5093</td></tr></tbody>
<tbody id="t2"><tr><th colspan="4">CreateDeliveryBoyTest &#8212; passed</th></tr><tr class="passedeven"><td rowspan="2">com.obsqura.tests.CreateDeliveryBoyTest</td><td><a href="#m2">createDeliveryBoy</a></td><td rowspan="2">1710915173467</td><td rowspan="2">5646</td></tr><tr class="passedeven"><td><a href="#m3">createDeliveryBoy</a></td></tr></tbody>
<tbody id="t3"><tr><th colspan="4">CreateNewsTest &#8212; passed</th></tr><tr class="passedeven"><td rowspan="1">com.obsqura.tests.CreateNewsTest</td><td><a href="#m4">createNews</a></td><td rowspan="1">1710915191151</td><td rowspan="1">4717</td></tr></tbody>
<tbody id="t4"><tr><th colspan="4">AdminTest &#8212; failed</th></tr><tr class="failedeven"><td rowspan="1">com.obsqura.tests.AdminTest</td><td><a href="#m5">createAdmin</a></td><td rowspan="1">1710915198665</td><td rowspan="1">1161</td></tr></tbody>
<tbody id="t5"><tr><th colspan="4">ExpenseRecordTest &#8212; failed</th></tr><tr class="failedeven"><td rowspan="1">com.obsqura.tests.ExpenseRecordTest</td><td><a href="#m6">verifyUserIsAbleTocreateExpenseRecord</a></td><td rowspan="1">1710915202917</td><td rowspan="1">5550</td></tr></tbody>
</table>
<h2>Login Test</h2><h3 id="m0">com.obsqura.tests.LoginTest#verifyUserIsAbleToLogin</h3><table class="result"><tr><th class="invisible"/></tr></table><p class="totop"><a href="#summary">back to summary</a></p>
<h2>CreateDeleteExpenseTest</h2><h3 id="m1">com.obsqura.tests.CreateDeleteExpenseTest#verifyUserIsAbleTocreateDeleteExpense</h3><table class="result"><tr><th class="invisible"/></tr></table><p class="totop"><a href="#summary">back to summary</a></p>
<h2>CreateDeliveryBoyTest</h2><h3 id="m2">com.obsqura.tests.CreateDeliveryBoyTest#createDeliveryBoy</h3><table class="result"><tr class="param"><th>Parameter #1</th><th>Parameter #2</th><th>Parameter #3</th></tr><tr class="param stripe"><td>Nisyy</td><td>user501009378</td><td>150931938</td></tr></table><p class="totop"><a href="#summary">back to summary</a></p>
<h3 id="m3">com.obsqura.tests.CreateDeliveryBoyTest#createDeliveryBoy</h3><table class="result"><tr class="param"><th>Parameter #1</th><th>Parameter #2</th><th>Parameter #3</th></tr><tr class="param stripe"><td>Remya</td><td>user355806830</td><td>315210280</td></tr></table><p class="totop"><a href="#summary">back to summary</a></p>
<h2>CreateNewsTest</h2><h3 id="m4">com.obsqura.tests.CreateNewsTest#createNews</h3><table class="result"><tr><th class="invisible"/></tr></table><p class="totop"><a href="#summary">back to summary</a></p>
<h2>AdminTest</h2><h3 id="m5">com.obsqura.tests.AdminTest#createAdmin</h3><table class="result"><tr><th>Exception</th></tr><tr><td><div class="stacktrace">java.io.FileNotFoundException: C:\Users\Remya P\eclipse-workspace\7Mart\src\test\resources\testData\testData.xlsx (The system cannot find the path specified)
	at java.base/java.io.FileInputStream.open0(Native Method)
	at java.base/java.io.FileInputStream.open(FileInputStream.java:216)
	at java.base/java.io.FileInputStream.&lt;init&gt;(FileInputStream.java:157)
	at java.base/java.io.FileInputStream.&lt;init&gt;(FileInputStream.java:111)
	at com.obsqura.utils.ExcelReader.getSheetData(ExcelReader.java:16)
	at com.obsqura.tests.AdminTest.createAdmin(AdminTest.java:18)
	at java.base/java.util.ArrayList.forEach(ArrayList.java:1511)
... Removed 27 stack frames</div></td></tr></table><p class="totop"><a href="#summary">back to summary</a></p>
<h2>ExpenseRecordTest</h2><h3 id="m6">com.obsqura.tests.ExpenseRecordTest#verifyUserIsAbleTocreateExpenseRecord</h3><table class="result"><tr><th>Exception</th></tr><tr><td><div class="stacktrace">org.openqa.selenium.InvalidArgumentException: invalid argument
  (Session info: chrome=122.0.6261.129)
Build info: version: &apos;4.16.1&apos;, revision: &apos;9b4c83354e&apos;
System info: os.name: &apos;Windows 11&apos;, os.arch: &apos;amd64&apos;, os.version: &apos;10.0&apos;, java.version: &apos;17.0.8&apos;
Driver info: org.openqa.selenium.chrome.ChromeDriver
Command: [e584b11354420996c8bb315335358c5d, clickElement {id=f.FCC597BD151ECE203A843C21A452BC1D.d.9DE7221F0EB458550546666516D4B606.e.125}]
Capabilities {acceptInsecureCerts: false, browserName: chrome, browserVersion: 122.0.6261.129, chrome: {chromedriverVersion: 122.0.6261.128 (f18a44fedeb..., userDataDir: C:\Users\REMYAP~1\AppData\L...}, fedcm:accounts: true, goog:chromeOptions: {debuggerAddress: localhost:64462}, networkConnectionEnabled: false, pageLoadStrategy: normal, platformName: windows, proxy: Proxy(), se:cdp: ws://localhost:64462/devtoo..., se:cdpVersion: 122.0.6261.129, setWindowRect: true, strictFileInteractability: false, timeouts: {implicit: 0, pageLoad: 300000, script: 30000}, unhandledPromptBehavior: dismiss and notify, webauthn:extension:credBlob: true, webauthn:extension:largeBlob: true, webauthn:extension:minPinLength: true, webauthn:extension:prf: true, webauthn:virtualAuthenticators: true}
Element: [[ChromeDriver: chrome on windows (e584b11354420996c8bb315335358c5d)] -&gt; xpath: //*[@type=&apos;file&apos;]]
Session ID: e584b11354420996c8bb315335358c5d
	at org.openqa.selenium.remote.codec.w3c.W3CHttpResponseCodec.createException(W3CHttpResponseCodec.java:200)
	at org.openqa.selenium.remote.codec.w3c.W3CHttpResponseCodec.decode(W3CHttpResponseCodec.java:133)
	at org.openqa.selenium.remote.codec.w3c.W3CHttpResponseCodec.decode(W3CHttpResponseCodec.java:52)
	at org.openqa.selenium.remote.HttpCommandExecutor.execute(HttpCommandExecutor.java:191)
	at org.openqa.selenium.remote.service.DriverCommandExecutor.invokeExecute(DriverCommandExecutor.java:200)
	at org.openqa.selenium.remote.service.DriverCommandExecutor.execute(DriverCommandExecutor.java:175)
	at org.openqa.selenium.remote.RemoteWebDriver.execute(RemoteWebDriver.java:523)
	at org.openqa.selenium.remote.RemoteWebElement.execute(RemoteWebElement.java:224)
	at org.openqa.selenium.remote.RemoteWebElement.click(RemoteWebElement.java:77)
	at org.openqa.selenium.support.pagefactory.internal.LocatingElementHandler.invoke(LocatingElementHandler.java:51)
	at jdk.proxy2/jdk.proxy2.$Proxy13.click(Unknown Source)
	at com.obsqura.utils.PageActions.clickElement(PageActions.java:46)
	at com.obsqura.utils.PageActions.uploadFile(PageActions.java:84)
	at com.obsqura.pages.ListExpensePage.createListExpense(ListExpensePage.java:46)
	at com.obsqura.tests.ExpenseRecordTest.verifyUserIsAbleTocreateExpenseRecord(ExpenseRecordTest.java:19)
	at java.base/java.util.ArrayList.forEach(ArrayList.java:1511)
... Removed 35 stack frames</div></td></tr></table><p class="totop"><a href="#summary">back to summary</a></p>
</body>
</html>
